<?xml version='1.0' encoding='UTF-8'?>
<testsuite hostname="LVAGPLTP2293" name="patmat.HuffmanSuite" tests="21" errors="0" failures="0" skipped="0" time="0.554">
                     <properties>
[...]
</properties>
                     <testcase classname="patmat.HuffmanSuite" name="weight of a larger tree" time="0.262">
                                                 
                                               </testcase><testcase classname="patmat.HuffmanSuite" name="chars of a larger tree" time="0.024">
                                                 
                                               </testcase><testcase classname="patmat.HuffmanSuite" name="string2chars(&quot;hello, world&quot;)" time="0.008">
                                                 
                                               </testcase><testcase classname="patmat.HuffmanSuite" name="Singleton for Nil" time="0.0">
                                                 
                                               </testcase><testcase classname="patmat.HuffmanSuite" name="Singleton for one element" time="0.001">
                                                 
                                               </testcase><testcase classname="patmat.HuffmanSuite" name="Singleton for two elements" time="0.001">
                                                 
                                               </testcase><testcase classname="patmat.HuffmanSuite" name="Singleton for many elements" time="0.001">
                                                 
                                               </testcase><testcase classname="patmat.HuffmanSuite" name="times for frequencies" time="0.074">
                                                 
                                               </testcase><testcase classname="patmat.HuffmanSuite" name="makeOrderedLeafList for some frequency table" time="0.07">
                                                 
                                               </testcase><testcase classname="patmat.HuffmanSuite" name="combine of some leaf list" time="0.003">
                                                 
                                               </testcase><testcase classname="patmat.HuffmanSuite" name="decode a longer text" time="0.004">
                                                 
                                               </testcase><testcase classname="patmat.HuffmanSuite" name="single encode a char" time="0.004">
                                                 
                                               </testcase><testcase classname="patmat.HuffmanSuite" name="encode a longer text" time="0.007">
                                                 
                                               </testcase><testcase classname="patmat.HuffmanSuite" name="encode with a bigger tree" time="0.005">
                                                 
                                               </testcase><testcase classname="patmat.HuffmanSuite" name="decode and encode a very short text should be identity" time="0.006">
                                                 
                                               </testcase><testcase classname="patmat.HuffmanSuite" name="decode and encode a longer text should be identity" time="0.036">
                                                 
                                               </testcase><testcase classname="patmat.HuffmanSuite" name="codeBits char 1" time="0.004">
                                                 
                                               </testcase><testcase classname="patmat.HuffmanSuite" name="codeBits char 2" time="0.018">
                                                 
                                               </testcase><testcase classname="patmat.HuffmanSuite" name="codeBits Nil" time="0.014">
                                                 
                                               </testcase><testcase classname="patmat.HuffmanSuite" name="Convert short codetree t1" time="0.009">
                                                 
                                               </testcase><testcase classname="patmat.HuffmanSuite" name="Convert long codetree t1" time="0.003">
                                                 
                                               </testcase>
                     <system-out></system-out>
                     <system-err></system-err>
                   </testsuite>